

*******************************************************************************
Fri Nov 22 17:57:15 2024


FIT:    data read from 'stgop_bandA_systemsize_defR_L_largest.dat' u (1.0/($1)):2
        format = x:z
        x range restricted to [0.00000 : *]
        #datapoints = 4
        residuals are weighted equally (unit weight)

function used for fitting: f(x)
	f(x) = a*exp(-b*x)
fitted parameters initialized with current variable values

iter      chisq       delta/lim  lambda   a             b            
   0 3.3804222250e+00   0.00e+00  7.03e-01    1.000000e+00   1.000000e+00
   8 1.3131443567e-19  -1.66e-03  7.03e-06    7.551773e-02  -5.548684e-06

After 8 iterations the fit converged.
final sum of squares of residuals : 1.31314e-19
rel. change during last iteration : -1.66031e-08

degrees of freedom    (FIT_NDF)                        : 2
rms of residuals      (FIT_STDFIT) = sqrt(WSSR/ndf)    : 2.56237e-10
variance of residuals (reduced chisquare) = WSSR/ndf   : 6.56572e-20

Final set of parameters            Asymptotic Standard Error
=======================            ==========================
a               = 0.0755177        +/- 2.627e-10    (3.479e-07%)
b               = -5.54868e-06     +/- 5.832e-07    (10.51%)

correlation matrix of the fit parameters:
                a      b      
a               1.000 
b               0.873  1.000 
