

*******************************************************************************
Fri Nov 22 17:38:39 2024


FIT:    data read from 'stgop_bandA_systemsize_defR_L_largest.dat'
        format = z
        #datapoints = 4
        residuals are weighted equally (unit weight)

function used for fitting: f(x)
	f(x) = a*exp(-b*x)
fitted parameters initialized with current variable values

iter      chisq       delta/lim  lambda   a             b            
   0 2.2106739243e-05   0.00e+00  1.25e-42    1.000000e+00   1.000000e+00

Current data point
=========================
#               = 1 out of 4
x               = 1.23194e+37    
z               = 0.00466953     

Current set of parameters
=========================
a               = 1.23194e+37    
b               = -1.17234e+39   

BREAK: Undefined value during function evaluation

*******************************************************************************
Fri Nov 22 17:40:29 2024


FIT:    data read from 'stgop_bandA_systemsize_defR_L_largest.dat'
        format = z
        #datapoints = 4
        residuals are weighted equally (unit weight)

function used for fitting: f(x)
	f(x) = a*exp(-b*x+c)
fitted parameters initialized with current variable values


Current data point
=========================
#               = 1 out of 4
x               = 1.23194e+37    
z               = 0.00466953     

Current set of parameters
=========================
a               = 1.23194e+37    
b               = -1.17234e+39   
c               = 1              

BREAK: Undefined value during function evaluation

*******************************************************************************
Fri Nov 22 17:41:42 2024


FIT:    data read from 'stgop_bandA_systemsize_defR_L_largest.dat'
        format = z
        #datapoints = 4
        residuals are weighted equally (unit weight)

function used for fitting: f(x)
	f(x) = a*exp(b*x)
fitted parameters initialized with current variable values

iter      chisq       delta/lim  lambda   a             b            
   0 2.2106739243e-05   0.00e+00  1.25e-42    1.000000e+00  -1.000000e+00

Current data point
=========================
#               = 1 out of 4
x               = 1.23194e+37    
z               = 0.00466953     

Current set of parameters
=========================
a               = 1.23194e+37    
b               = 1.17234e+39    

BREAK: Undefined value during function evaluation

*******************************************************************************
Fri Nov 22 17:42:02 2024


FIT:    data read from 'stgop_bandA_systemsize_defR_L_largest.dat'
        format = z
        #datapoints = 4
        residuals are weighted equally (unit weight)

function used for fitting: f(x)
	f(x) = a*exp(-b*x)
fitted parameters initialized with current variable values

iter      chisq       delta/lim  lambda   a             b            
   0 2.2106739243e-05   0.00e+00  0.00e+00    1.231937e+37   1.172343e+39
BREAK: Singular matrix in Givens()

*******************************************************************************
Fri Nov 22 17:42:10 2024


FIT:    data read from 'stgop_bandA_systemsize_defR_L_largest.dat'
        format = z
        #datapoints = 4
        residuals are weighted equally (unit weight)

function used for fitting: f(x)
	f(x) = a*exp(-b*x)
fitted parameters initialized with current variable values

iter      chisq       delta/lim  lambda   a             b            
   0 2.2106739243e-05   0.00e+00  1.25e-42    1.000000e+00   1.000000e+00

Current data point
=========================
#               = 1 out of 4
x               = 1.23194e+37    
z               = 0.00466953     

Current set of parameters
=========================
a               = 1.23194e+37    
b               = -1.17234e+39   

BREAK: Undefined value during function evaluation

*******************************************************************************
Fri Nov 22 17:43:02 2024


FIT:    data read from 'stgop_bandA_systemsize_defR_L_largest.dat' every ::1
        format = z
        #datapoints = 3
        residuals are weighted equally (unit weight)

function used for fitting: f(x)
	f(x) = a*x+b
fitted parameters initialized with current variable values

iter      chisq       delta/lim  lambda   a             b            
   0 2.9180273455e+05   0.00e+00  2.20e+02    1.000000e+00   1.000000e+00
   7 2.9673089716e-08  -6.75e-05  2.20e-05   -2.688789e-06   1.013169e-03

After 7 iterations the fit converged.
final sum of squares of residuals : 2.96731e-08
rel. change during last iteration : -6.75496e-10

degrees of freedom    (FIT_NDF)                        : 1
rms of residuals      (FIT_STDFIT) = sqrt(WSSR/ndf)    : 0.000172259
variance of residuals (reduced chisquare) = WSSR/ndf   : 2.96731e-08

Final set of parameters            Asymptotic Standard Error
=======================            ==========================
a               = -2.68879e-06     +/- 1.218e-06    (45.3%)
b               = 0.00101317       +/- 0.0003787    (37.38%)

correlation matrix of the fit parameters:
                a      b      
a               1.000 
b              -0.965  1.000 


*******************************************************************************
Fri Nov 22 17:43:35 2024


FIT:    data read from 'stgop_bandA_systemsize_defR_L_largest.dat' every ::2
        format = z
        #datapoints = 2
        residuals are weighted equally (unit weight)

function used for fitting: f(x)
	f(x) = a*x+b
fitted parameters initialized with current variable values

iter      chisq       delta/lim  lambda   a             b            
   0 2.4727574763e-08   0.00e+00  9.82e-04   -2.688789e-06   1.013169e-03
   8 6.4571833236e-40   0.00e+00  9.82e-05   -5.790584e-07   2.396016e-04

After 8 iterations the fit converged.
final sum of squares of residuals : 6.45718e-40
abs. change during last iteration : 0


Exactly as many data points as there are parameters.
In this degenerate case, all errors are zero by definition.

Final set of parameters 
======================= 

a               = -5.79058e-07   
b               = 0.000239602    


*******************************************************************************
Fri Nov 22 17:44:18 2024


FIT:    data read from 'stgop_bandA_systemsize_defR_L_largest.dat' u (1.0/($1)):2 every ::2
        format = x:z
        #datapoints = 2
        residuals are weighted equally (unit weight)

function used for fitting: f(x)
	f(x) = a*x+b
fitted parameters initialized with current variable values

iter      chisq       delta/lim  lambda   a             b            
   0 8.3825813348e-08   0.00e+00  1.69e-04   -5.790584e-07   2.396016e-04
   4 1.6765572964e-09  -8.11e-01  1.69e-08   -2.943712e-07   3.693199e-05

After 4 iterations the fit converged.
final sum of squares of residuals : 1.67656e-09
rel. change during last iteration : -8.11211e-06


Exactly as many data points as there are parameters.
In this degenerate case, all errors are zero by definition.

Final set of parameters 
======================= 

a               = -2.94371e-07   
b               = 3.6932e-05     


*******************************************************************************
Fri Nov 22 17:45:15 2024


FIT:    data read from 'stgop_bandA_systemsize_defR_L_largest.dat' u (1.0/($1)):2 every ::1
        format = x:z
        #datapoints = 3
        residuals are weighted equally (unit weight)

function used for fitting: f(x)
	f(x) = a*x+b
fitted parameters initialized with current variable values

iter      chisq       delta/lim  lambda   a             b            
   0 2.6055959785e-07   0.00e+00  2.61e-05   -2.943712e-07   3.693199e-05
   3 1.7426388004e-07  -7.82e-01  2.61e-08    6.436129e-07   2.065304e-04

After 3 iterations the fit converged.
final sum of squares of residuals : 1.74264e-07
rel. change during last iteration : -7.81613e-06

degrees of freedom    (FIT_NDF)                        : 1
rms of residuals      (FIT_STDFIT) = sqrt(WSSR/ndf)    : 0.000417449
variance of residuals (reduced chisquare) = WSSR/ndf   : 1.74264e-07

Final set of parameters            Asymptotic Standard Error
=======================            ==========================
a               = 6.43613e-07      +/- 0.2319       (3.603e+07%)
b               = 0.00020653       +/- 0.0008714    (421.9%)

correlation matrix of the fit parameters:
                a      b      
a               1.000 
b              -0.961  1.000 


*******************************************************************************
Fri Nov 22 17:45:27 2024


FIT:    data read from 'stgop_bandA_systemsize_defR_L_largest.dat' u (1.0/($1)):2 every ::3
        format = x:z
BREAK: No data to fit

*******************************************************************************
Fri Nov 22 17:48:40 2024


FIT:    data read from 'stgop_bandA_systemsize_defR_L_largest.dat' u (1.0/($1)):2 every ::3
        format = x:z
BREAK: No data to fit

*******************************************************************************
Fri Nov 22 17:48:50 2024


FIT:    data read from 'stgop_bandA_systemsize_defR_L_largest.dat' u (1.0/($1)):2 every ::1
        format = x:z
        #datapoints = 3
        residuals are weighted equally (unit weight)

function used for fitting: f(x)
	f(x) = a*exp(-b*x)
fitted parameters initialized with current variable values

iter      chisq       delta/lim  lambda   a             b            
   0 3.0143584696e-07   0.00e+00  4.55e-07    6.436129e-07   2.065304e-04
 286 1.7657439721e-10  -3.11e-04  4.55e-11    7.236359e-07  -1.325200e+03

After 286 iterations the fit converged.
final sum of squares of residuals : 1.76574e-10
rel. change during last iteration : -3.10811e-09

degrees of freedom    (FIT_NDF)                        : 1
rms of residuals      (FIT_STDFIT) = sqrt(WSSR/ndf)    : 1.32881e-05
variance of residuals (reduced chisquare) = WSSR/ndf   : 1.76574e-10

Final set of parameters            Asymptotic Standard Error
=======================            ==========================
a               = 7.23636e-07      +/- 4.31e-07     (59.56%)
b               = -1325.2          +/- 119.2        (8.993%)

correlation matrix of the fit parameters:
                a      b      
a               1.000 
b               0.999  1.000 


*******************************************************************************
Fri Nov 22 17:50:25 2024


FIT:    data read from 'stgop_bandA_systemsize_defR_L_largest.dat' u (1.0/($1)):2 every ::0
        format = x:z
        #datapoints = 4
        residuals are weighted equally (unit weight)

function used for fitting: f(x)
	f(x) = a*exp(-b*x)
fitted parameters initialized with current variable values

iter      chisq       delta/lim  lambda   a             b            
   0 1.6583477072e-01   0.00e+00  1.95e+00    7.236359e-07  -1.325200e+03
 205 4.4675495186e-08  -1.98e-02  1.95e-09    3.772273e-05  -4.819240e+02

After 205 iterations the fit converged.
final sum of squares of residuals : 4.46755e-08
rel. change during last iteration : -1.97532e-07

degrees of freedom    (FIT_NDF)                        : 2
rms of residuals      (FIT_STDFIT) = sqrt(WSSR/ndf)    : 0.000149458
variance of residuals (reduced chisquare) = WSSR/ndf   : 2.23377e-08

Final set of parameters            Asymptotic Standard Error
=======================            ==========================
a               = 3.77227e-05      +/- 2.151e-05    (57.02%)
b               = -481.924         +/- 57.12        (11.85%)

correlation matrix of the fit parameters:
                a      b      
a               1.000 
b               0.998  1.000 


*******************************************************************************
Fri Nov 22 17:53:26 2024


FIT:    data read from 'stgop_bandA_systemsize_defR_L_largest.dat' u (1.0/($1)):2
        format = x:z
        #datapoints = 4
        residuals are weighted equally (unit weight)

function used for fitting: f(x)
	f(x) = a*exp(-b*x)
fitted parameters initialized with current variable values

iter      chisq       delta/lim  lambda   a             b            
   0 3.9481591907e+00   0.00e+00  7.03e-01    1.000000e+00   1.000000e+00
 163 4.4675493265e-08  -1.07e-03  7.03e-07    3.771764e-05  -4.819376e+02

After 163 iterations the fit converged.
final sum of squares of residuals : 4.46755e-08
rel. change during last iteration : -1.07223e-08

degrees of freedom    (FIT_NDF)                        : 2
rms of residuals      (FIT_STDFIT) = sqrt(WSSR/ndf)    : 0.000149458
variance of residuals (reduced chisquare) = WSSR/ndf   : 2.23377e-08

Final set of parameters            Asymptotic Standard Error
=======================            ==========================
a               = 3.77176e-05      +/- 2.151e-05    (57.03%)
b               = -481.938         +/- 57.12        (11.85%)

correlation matrix of the fit parameters:
                a      b      
a               1.000 
b               0.998  1.000 
